2025-03-14 15:38:01,988 - INFO - Scraping Process Started for SmallCap Companies
2025-03-14 15:38:09,091 - INFO - Successfully logged into Screener.in
2025-03-14 15:38:12,647 - INFO - Processed page 1. Total companies: 50
2025-03-14 15:38:15,910 - INFO - Processed page 2. Total companies: 100
2025-03-14 15:38:19,162 - INFO - Processed page 3. Total companies: 150
2025-03-14 15:38:22,417 - INFO - Processed page 4. Total companies: 200
2025-03-14 15:38:25,666 - INFO - Processed page 5. Total companies: 250
2025-03-14 15:38:28,933 - INFO - Processed page 6. Total companies: 300
2025-03-14 15:38:32,201 - INFO - Processed page 7. Total companies: 350
2025-03-14 15:38:35,502 - INFO - Processed page 8. Total companies: 400
2025-03-14 15:38:38,775 - INFO - Processed page 9. Total companies: 450
2025-03-14 15:38:42,048 - INFO - Processed page 10. Total companies: 500
2025-03-14 15:38:45,333 - INFO - Processed page 11. Total companies: 550
2025-03-14 15:38:48,595 - INFO - Processed page 12. Total companies: 600
2025-03-14 15:38:51,847 - INFO - Processed page 13. Total companies: 650
2025-03-14 15:38:55,143 - INFO - Processed page 14. Total companies: 700
2025-03-14 15:38:58,424 - INFO - Processed page 15. Total companies: 750
2025-03-14 15:39:01,674 - INFO - Processed page 16. Total companies: 800
2025-03-14 15:39:05,012 - INFO - Processed page 17. Total companies: 850
2025-03-14 15:39:08,361 - INFO - Processed page 18. Total companies: 900
2025-03-14 15:39:11,647 - INFO - Processed page 19. Total companies: 950
2025-03-14 15:39:14,960 - INFO - Processed page 20. Total companies: 1000
2025-03-14 15:39:18,236 - INFO - Processed page 21. Total companies: 1050
2025-03-14 15:39:21,496 - INFO - Processed page 22. Total companies: 1100
2025-03-14 15:39:24,752 - INFO - Processed page 23. Total companies: 1150
2025-03-14 15:39:28,027 - INFO - Processed page 24. Total companies: 1200
2025-03-14 15:39:31,291 - INFO - Processed page 25. Total companies: 1250
2025-03-14 15:39:34,572 - INFO - Processed page 26. Total companies: 1300
2025-03-14 15:39:37,816 - INFO - Processed page 27. Total companies: 1350
2025-03-14 15:39:41,084 - INFO - Processed page 28. Total companies: 1400
2025-03-14 15:39:44,340 - INFO - Processed page 29. Total companies: 1450
2025-03-14 15:39:47,594 - INFO - Processed page 30. Total companies: 1500
2025-03-14 15:39:50,867 - INFO - Processed page 31. Total companies: 1550
2025-03-14 15:39:54,158 - INFO - Processed page 32. Total companies: 1600
2025-03-14 15:39:57,452 - INFO - Processed page 33. Total companies: 1650
2025-03-14 15:40:00,711 - INFO - Processed page 34. Total companies: 1700
2025-03-14 15:40:03,973 - INFO - Processed page 35. Total companies: 1750
2025-03-14 15:40:07,262 - INFO - Processed page 36. Total companies: 1800
2025-03-14 15:40:10,521 - INFO - Processed page 37. Total companies: 1850
2025-03-14 15:40:13,778 - INFO - Processed page 38. Total companies: 1900
2025-03-14 15:40:17,053 - INFO - Processed page 39. Total companies: 1950
2025-03-14 15:40:20,319 - INFO - Processed page 40. Total companies: 2000
2025-03-14 15:40:23,592 - INFO - Processed page 41. Total companies: 2050
2025-03-14 15:40:26,862 - INFO - Processed page 42. Total companies: 2100
2025-03-14 15:40:30,122 - INFO - Processed page 43. Total companies: 2150
2025-03-14 15:40:33,417 - INFO - Processed page 44. Total companies: 2200
2025-03-14 15:40:36,742 - INFO - Processed page 45. Total companies: 2250
2025-03-14 15:40:40,011 - INFO - Processed page 46. Total companies: 2300
2025-03-14 15:40:43,264 - INFO - Processed page 47. Total companies: 2350
2025-03-14 15:40:46,533 - INFO - Processed page 48. Total companies: 2400
2025-03-14 15:40:49,792 - INFO - Processed page 49. Total companies: 2450
2025-03-14 15:40:53,055 - INFO - Processed page 50. Total companies: 2500
2025-03-14 15:40:56,330 - INFO - Processed page 51. Total companies: 2550
2025-03-14 15:40:59,582 - INFO - Processed page 52. Total companies: 2600
2025-03-14 15:41:02,855 - INFO - Processed page 53. Total companies: 2650
2025-03-14 15:41:06,126 - INFO - Processed page 54. Total companies: 2700
2025-03-14 15:41:09,405 - INFO - Processed page 55. Total companies: 2750
2025-03-14 15:41:12,699 - INFO - Processed page 56. Total companies: 2800
2025-03-14 15:41:16,006 - INFO - Processed page 57. Total companies: 2850
2025-03-14 15:41:19,287 - INFO - Processed page 58. Total companies: 2900
2025-03-14 15:41:22,563 - INFO - Processed page 59. Total companies: 2950
2025-03-14 15:41:25,830 - INFO - Processed page 60. Total companies: 3000
2025-03-14 15:41:29,102 - INFO - Processed page 61. Total companies: 3050
2025-03-14 15:41:32,353 - INFO - Processed page 62. Total companies: 3100
2025-03-14 15:41:35,619 - INFO - Processed page 63. Total companies: 3150
2025-03-14 15:41:38,878 - INFO - Processed page 64. Total companies: 3200
2025-03-14 15:41:42,130 - INFO - Processed page 65. Total companies: 3250
2025-03-14 15:41:45,395 - INFO - Processed page 66. Total companies: 3300
2025-03-14 15:41:48,656 - INFO - Processed page 67. Total companies: 3350
2025-03-14 15:41:51,920 - INFO - Processed page 68. Total companies: 3400
2025-03-14 15:41:55,217 - INFO - Processed page 69. Total companies: 3450
2025-03-14 15:41:58,481 - INFO - Processed page 70. Total companies: 3500
2025-03-14 15:42:01,757 - INFO - Processed page 71. Total companies: 3550
2025-03-14 15:42:05,066 - INFO - Processed page 72. Total companies: 3600
2025-03-14 15:42:08,321 - INFO - Processed page 73. Total companies: 3650
2025-03-14 15:42:11,601 - INFO - Processed page 74. Total companies: 3700
2025-03-14 15:42:14,879 - INFO - Processed page 75. Total companies: 3750
2025-03-14 15:42:18,161 - INFO - Processed page 76. Total companies: 3800
2025-03-14 15:42:21,475 - INFO - Processed page 77. Total companies: 3850
2025-03-14 15:42:24,771 - INFO - Processed page 78. Total companies: 3900
2025-03-14 15:42:28,028 - INFO - Processed page 79. Total companies: 3950
2025-03-14 15:42:31,308 - INFO - Processed page 80. Total companies: 4000
2025-03-14 15:42:34,628 - INFO - Processed page 81. Total companies: 4050
2025-03-14 15:42:37,876 - INFO - Processed page 82. Total companies: 4100
2025-03-14 15:42:41,146 - INFO - Processed page 83. Total companies: 4150
2025-03-14 15:42:44,399 - INFO - Processed page 84. Total companies: 4195
2025-03-14 15:42:47,639 - INFO - No new companies found on page 85. Stopping pagination.
2025-03-14 15:42:47,654 - INFO - Scraping complete. Data saved to 'Small_Cap.csv'. Total companies scraped: 4195
2025-03-14 15:42:47,655 - INFO - Scraping Process Completed for SmallCap Companies
2025-03-14 16:29:57,788 - INFO - Scraping Process Started for SmallCap Companies
2025-03-14 16:30:04,935 - INFO - Successfully logged into Screener.in
2025-03-14 16:30:08,239 - INFO - Processed page 1. Total companies: 50
2025-03-14 16:30:11,518 - INFO - Processed page 2. Total companies: 100
2025-03-14 16:30:14,798 - INFO - Processed page 3. Total companies: 150
2025-03-14 16:30:18,062 - INFO - Processed page 4. Total companies: 200
2025-03-14 16:30:21,367 - INFO - Processed page 5. Total companies: 250
2025-03-14 16:30:24,646 - INFO - Processed page 6. Total companies: 300
2025-03-14 16:30:27,921 - INFO - Processed page 7. Total companies: 350
2025-03-14 16:30:31,208 - INFO - Processed page 8. Total companies: 400
2025-03-14 16:30:34,463 - INFO - Processed page 9. Total companies: 450
2025-03-14 16:30:37,730 - INFO - Processed page 10. Total companies: 500
2025-03-14 16:30:40,989 - INFO - Processed page 11. Total companies: 550
2025-03-14 16:30:44,237 - INFO - Processed page 12. Total companies: 600
2025-03-14 16:30:47,497 - INFO - Processed page 13. Total companies: 650
2025-03-14 16:30:50,741 - INFO - Processed page 14. Total companies: 700
2025-03-14 16:30:54,023 - INFO - Processed page 15. Total companies: 750
2025-03-14 16:30:57,294 - INFO - Processed page 16. Total companies: 800
2025-03-14 16:31:00,568 - INFO - Processed page 17. Total companies: 850
2025-03-14 16:31:03,836 - INFO - Processed page 18. Total companies: 900
2025-03-14 16:31:07,100 - INFO - Processed page 19. Total companies: 950
2025-03-14 16:31:10,384 - INFO - Processed page 20. Total companies: 1000
2025-03-14 16:31:13,693 - INFO - Processed page 21. Total companies: 1050
2025-03-14 16:31:16,944 - INFO - Processed page 22. Total companies: 1100
2025-03-14 16:31:20,205 - INFO - Processed page 23. Total companies: 1150
2025-03-14 16:31:23,489 - INFO - Processed page 24. Total companies: 1200
2025-03-14 16:31:26,762 - INFO - Processed page 25. Total companies: 1250
2025-03-14 16:31:30,026 - INFO - Processed page 26. Total companies: 1300
2025-03-14 16:31:33,302 - INFO - Processed page 27. Total companies: 1350
2025-03-14 16:31:36,594 - INFO - Processed page 28. Total companies: 1400
2025-03-14 16:31:39,856 - INFO - Processed page 29. Total companies: 1450
2025-03-14 16:31:43,115 - INFO - Processed page 30. Total companies: 1500
2025-03-14 16:31:46,395 - INFO - Processed page 31. Total companies: 1550
2025-03-14 16:31:49,711 - INFO - Processed page 32. Total companies: 1600
2025-03-14 16:31:52,961 - INFO - Processed page 33. Total companies: 1650
2025-03-14 16:31:56,259 - INFO - Processed page 34. Total companies: 1700
2025-03-14 16:31:59,519 - INFO - Processed page 35. Total companies: 1750
2025-03-14 16:32:02,788 - INFO - Processed page 36. Total companies: 1800
2025-03-14 16:32:06,057 - INFO - Processed page 37. Total companies: 1850
2025-03-14 16:32:09,313 - INFO - Processed page 38. Total companies: 1900
2025-03-14 16:32:12,559 - INFO - Processed page 39. Total companies: 1950
2025-03-14 16:32:15,823 - INFO - Processed page 40. Total companies: 2000
2025-03-14 16:32:19,085 - INFO - Processed page 41. Total companies: 2050
2025-03-14 16:32:22,343 - INFO - Processed page 42. Total companies: 2100
2025-03-14 16:32:25,608 - INFO - Processed page 43. Total companies: 2150
2025-03-14 16:32:28,876 - INFO - Processed page 44. Total companies: 2200
2025-03-14 16:32:32,198 - INFO - Processed page 45. Total companies: 2250
2025-03-14 16:32:35,453 - INFO - Processed page 46. Total companies: 2300
2025-03-14 16:32:38,724 - INFO - Processed page 47. Total companies: 2350
2025-03-14 16:32:42,000 - INFO - Processed page 48. Total companies: 2400
2025-03-14 16:32:45,277 - INFO - Processed page 49. Total companies: 2450
2025-03-14 16:32:48,550 - INFO - Processed page 50. Total companies: 2500
2025-03-14 16:32:51,800 - INFO - Processed page 51. Total companies: 2550
2025-03-14 16:32:55,065 - INFO - Processed page 52. Total companies: 2600
2025-03-14 16:32:58,352 - INFO - Processed page 53. Total companies: 2650
2025-03-14 16:33:01,634 - INFO - Processed page 54. Total companies: 2700
2025-03-14 16:33:04,942 - INFO - Processed page 55. Total companies: 2750
2025-03-14 16:33:08,224 - INFO - Processed page 56. Total companies: 2800
2025-03-14 16:33:11,523 - INFO - Processed page 57. Total companies: 2850
2025-03-14 16:33:14,770 - INFO - Processed page 58. Total companies: 2900
2025-03-14 16:33:18,020 - INFO - Processed page 59. Total companies: 2950
2025-03-14 16:33:21,289 - INFO - Processed page 60. Total companies: 3000
2025-03-14 16:33:24,567 - INFO - Processed page 61. Total companies: 3050
2025-03-14 16:33:27,817 - INFO - Processed page 62. Total companies: 3100
2025-03-14 16:33:31,076 - INFO - Processed page 63. Total companies: 3150
2025-03-14 16:33:34,359 - INFO - Processed page 64. Total companies: 3200
2025-03-14 16:33:37,655 - INFO - Processed page 65. Total companies: 3250
2025-03-14 16:33:40,932 - INFO - Processed page 66. Total companies: 3300
2025-03-14 16:33:44,195 - INFO - Processed page 67. Total companies: 3350
2025-03-14 16:33:47,458 - INFO - Processed page 68. Total companies: 3400
2025-03-14 16:33:50,763 - INFO - Processed page 69. Total companies: 3450
2025-03-14 16:33:54,091 - INFO - Processed page 70. Total companies: 3500
2025-03-14 16:33:57,373 - INFO - Processed page 71. Total companies: 3550
2025-03-14 16:34:00,623 - INFO - Processed page 72. Total companies: 3600
2025-03-14 16:34:03,932 - INFO - Processed page 73. Total companies: 3650
2025-03-14 16:34:07,205 - INFO - Processed page 74. Total companies: 3700
2025-03-14 16:34:10,490 - INFO - Processed page 75. Total companies: 3750
2025-03-14 16:34:13,758 - INFO - Processed page 76. Total companies: 3800
2025-03-14 16:34:17,045 - INFO - Processed page 77. Total companies: 3850
2025-03-14 16:34:20,327 - INFO - Processed page 78. Total companies: 3900
2025-03-14 16:34:23,618 - INFO - Processed page 79. Total companies: 3950
2025-03-14 16:34:26,912 - INFO - Processed page 80. Total companies: 4000
2025-03-14 16:34:30,245 - INFO - Processed page 81. Total companies: 4050
2025-03-14 16:34:33,503 - INFO - Processed page 82. Total companies: 4100
2025-03-14 16:34:36,746 - INFO - Processed page 83. Total companies: 4150
2025-03-14 16:34:39,999 - INFO - Processed page 84. Total companies: 4195
2025-03-14 16:34:43,263 - INFO - No new companies found on page 85. Stopping pagination.
2025-03-14 16:34:43,280 - INFO - Scraping complete. Data saved to 'Small_Cap.csv'. Total companies scraped: 4195
2025-03-14 16:34:43,280 - INFO - Scraping Process Completed for SmallCap Companies
2025-03-16 08:30:45,359 - INFO - Scraping Process Started for SmallCap Companies
2025-03-16 08:30:52,512 - INFO - Successfully logged into Screener.in
2025-03-16 08:30:55,816 - INFO - Processed page 1. Total companies: 50
2025-03-16 08:30:59,052 - INFO - Processed page 2. Total companies: 100
2025-03-16 08:31:02,337 - INFO - Processed page 3. Total companies: 150
2025-03-16 08:31:05,699 - INFO - Processed page 4. Total companies: 200
2025-03-16 08:31:08,949 - INFO - Processed page 5. Total companies: 250
2025-03-16 08:31:12,197 - INFO - Processed page 6. Total companies: 300
2025-03-16 08:31:15,443 - INFO - Processed page 7. Total companies: 350
2025-03-16 08:31:18,767 - INFO - Processed page 8. Total companies: 400
2025-03-16 08:31:22,147 - INFO - Processed page 9. Total companies: 450
2025-03-16 08:31:25,499 - INFO - Processed page 10. Total companies: 500
2025-03-16 08:31:28,815 - INFO - Processed page 11. Total companies: 550
2025-03-16 08:31:32,177 - INFO - Processed page 12. Total companies: 600
2025-03-16 08:31:35,504 - INFO - Processed page 13. Total companies: 650
2025-03-16 08:31:38,834 - INFO - Processed page 14. Total companies: 700
2025-03-16 08:31:42,160 - INFO - Processed page 15. Total companies: 750
2025-03-16 08:31:45,499 - INFO - Processed page 16. Total companies: 800
2025-03-16 08:31:48,816 - INFO - Processed page 17. Total companies: 850
2025-03-16 08:31:52,145 - INFO - Processed page 18. Total companies: 900
2025-03-16 08:31:55,464 - INFO - Processed page 19. Total companies: 950
2025-03-16 08:31:58,837 - INFO - Processed page 20. Total companies: 1000
2025-03-16 08:32:02,165 - INFO - Processed page 21. Total companies: 1050
2025-03-16 08:32:05,533 - INFO - Processed page 22. Total companies: 1100
2025-03-16 08:32:08,798 - INFO - Processed page 23. Total companies: 1150
2025-03-16 08:32:12,098 - INFO - Processed page 24. Total companies: 1200
2025-03-16 08:32:15,370 - INFO - Processed page 25. Total companies: 1250
2025-03-16 08:32:18,706 - INFO - Processed page 26. Total companies: 1300
2025-03-16 08:32:22,018 - INFO - Processed page 27. Total companies: 1350
2025-03-16 08:32:25,315 - INFO - Processed page 28. Total companies: 1400
2025-03-16 08:32:28,583 - INFO - Processed page 29. Total companies: 1450
2025-03-16 08:32:31,913 - INFO - Processed page 30. Total companies: 1500
2025-03-16 08:32:35,264 - INFO - Processed page 31. Total companies: 1550
2025-03-16 08:32:38,675 - INFO - Processed page 32. Total companies: 1600
2025-03-16 08:32:42,047 - INFO - Processed page 33. Total companies: 1650
2025-03-16 08:32:45,428 - INFO - Processed page 34. Total companies: 1700
2025-03-16 08:32:48,747 - INFO - Processed page 35. Total companies: 1750
2025-03-16 08:32:52,039 - INFO - Processed page 36. Total companies: 1800
2025-03-16 08:32:55,360 - INFO - Processed page 37. Total companies: 1850
2025-03-16 08:32:58,726 - INFO - Processed page 38. Total companies: 1900
2025-03-16 08:33:02,027 - INFO - Processed page 39. Total companies: 1950
2025-03-16 08:33:05,348 - INFO - Processed page 40. Total companies: 2000
2025-03-16 08:33:08,689 - INFO - Processed page 41. Total companies: 2050
2025-03-16 08:33:12,041 - INFO - Processed page 42. Total companies: 2100
2025-03-16 08:33:15,408 - INFO - Processed page 43. Total companies: 2150
2025-03-16 08:33:18,777 - INFO - Processed page 44. Total companies: 2200
2025-03-16 08:33:22,171 - INFO - Processed page 45. Total companies: 2250
2025-03-16 08:33:25,457 - INFO - Processed page 46. Total companies: 2300
2025-03-16 08:33:28,784 - INFO - Processed page 47. Total companies: 2350
2025-03-16 08:33:32,172 - INFO - Processed page 48. Total companies: 2400
2025-03-16 08:33:35,502 - INFO - Processed page 49. Total companies: 2450
2025-03-16 08:33:38,880 - INFO - Processed page 50. Total companies: 2500
2025-03-16 08:33:42,211 - INFO - Processed page 51. Total companies: 2550
2025-03-16 08:33:45,524 - INFO - Processed page 52. Total companies: 2600
2025-03-16 08:33:48,825 - INFO - Processed page 53. Total companies: 2650
2025-03-16 08:33:52,149 - INFO - Processed page 54. Total companies: 2700
2025-03-16 08:33:55,488 - INFO - Processed page 55. Total companies: 2750
2025-03-16 08:33:58,841 - INFO - Processed page 56. Total companies: 2800
2025-03-16 08:34:02,218 - INFO - Processed page 57. Total companies: 2850
2025-03-16 08:34:05,571 - INFO - Processed page 58. Total companies: 2900
2025-03-16 08:34:08,954 - INFO - Processed page 59. Total companies: 2950
2025-03-16 08:34:12,266 - INFO - Processed page 60. Total companies: 3000
2025-03-16 08:34:15,667 - INFO - Processed page 61. Total companies: 3050
2025-03-16 08:34:19,000 - INFO - Processed page 62. Total companies: 3100
2025-03-16 08:34:22,409 - INFO - Processed page 63. Total companies: 3150
2025-03-16 08:34:25,798 - INFO - Processed page 64. Total companies: 3200
2025-03-16 08:34:29,147 - INFO - Processed page 65. Total companies: 3250
2025-03-16 08:34:32,457 - INFO - Processed page 66. Total companies: 3300
2025-03-16 08:34:35,799 - INFO - Processed page 67. Total companies: 3350
2025-03-16 08:34:39,177 - INFO - Processed page 68. Total companies: 3400
2025-03-16 08:34:42,544 - INFO - Processed page 69. Total companies: 3450
2025-03-16 08:34:45,894 - INFO - Processed page 70. Total companies: 3500
2025-03-16 08:34:49,156 - INFO - Processed page 71. Total companies: 3550
2025-03-16 08:34:52,413 - INFO - Processed page 72. Total companies: 3600
2025-03-16 08:34:55,695 - INFO - Processed page 73. Total companies: 3650
2025-03-16 08:34:58,943 - INFO - Processed page 74. Total companies: 3700
2025-03-16 08:35:02,190 - INFO - Processed page 75. Total companies: 3750
2025-03-16 08:35:05,475 - INFO - Processed page 76. Total companies: 3800
2025-03-16 08:35:08,731 - INFO - Processed page 77. Total companies: 3850
2025-03-16 08:35:11,990 - INFO - Processed page 78. Total companies: 3900
2025-03-16 08:35:15,266 - INFO - Processed page 79. Total companies: 3950
2025-03-16 08:35:18,518 - INFO - Processed page 80. Total companies: 4000
2025-03-16 08:35:21,800 - INFO - Processed page 81. Total companies: 4050
2025-03-16 08:35:25,081 - INFO - Processed page 82. Total companies: 4100
2025-03-16 08:35:28,336 - INFO - Processed page 83. Total companies: 4150
2025-03-16 08:35:31,567 - INFO - Processed page 84. Total companies: 4190
2025-03-16 08:35:34,796 - INFO - No new companies found on page 85. Stopping pagination.
2025-03-16 08:35:34,811 - INFO - Scraping complete. Data saved to 'Small_Cap.csv'. Total companies scraped: 4190
2025-03-16 08:35:36,993 - INFO - Scraping Process Completed for SmallCap Companies
